In action "nexserv.ico [Run script]" (screen "CustomInstallationScreen"), property "Script":
java.io.FileNotFoundException: C:\Program Files\rapid7\nexpose\nsc\nexserv.ico (Access is denied)
	at java.io.FileOutputStream.open0(Native Method)
	at java.io.FileOutputStream.open(FileOutputStream.java:270)
	at java.io.FileOutputStream.<init>(FileOutputStream.java:213)
	at java.io.FileOutputStream.<init>(FileOutputStream.java:162)
	at com.exe4j.runtime.util.FileUtil.copyFile(FileUtil.java:20)
	at com.install4j.script.I4jScript_Internal_157.eval(I4jScript_Internal_157.java:6)
	at com.install4j.script.I4jScript_Internal_157.evaluate(I4jScript_Internal_157.java:*29)
	at com.install4j.runtime.installer.helper.Script.evaluate(Script.java:33)
	at com.install4j.runtime.installer.ContextImpl.runScript(ContextImpl.java:188)
	at com.install4j.runtime.installer.ContextImpl.runScript(ContextImpl.java:182)
	at com.install4j.runtime.beans.actions.control.RunScriptAction.execute(RunScriptAction.java:34)
	at com.install4j.runtime.beans.actions.SystemInstallOrUninstallAction.install(SystemInstallOrUninstallAction.java:29)
	at com.install4j.runtime.installer.ContextImpl$7.executeAction(ContextImpl.java:1668)
	at com.install4j.runtime.installer.ContextImpl$7.fetchValue(ContextImpl.java:1659)
	at com.install4j.runtime.installer.ContextImpl$7.fetchValue(ContextImpl.java:1656)
	at com.install4j.runtime.installer.helper.comm.actions.FetchObjectAction.execute(FetchObjectAction.java:14)
	at com.install4j.runtime.installer.helper.comm.HelperCommunication.executeActionDirect(HelperCommunication.java:274)
	at com.install4j.runtime.installer.helper.comm.HelperCommunication.executeActionInt(HelperCommunication.java:249)
	at com.install4j.runtime.installer.helper.comm.HelperCommunication.executeActionChecked(HelperCommunication.java:187)
	at com.install4j.runtime.installer.helper.comm.HelperCommunication.fetchObjectChecked(HelperCommunication.java:170)
	at com.install4j.runtime.installer.ContextImpl.performActionIntStatic(ContextImpl.java:1656)
	at com.install4j.runtime.installer.InstallerContextImpl.performActionInt(InstallerContextImpl.java:151)
	at com.install4j.runtime.installer.ContextImpl.performAction(ContextImpl.java:1103)
	at com.install4j.runtime.installer.controller.Controller.executeAction(Controller.java:368)
	at com.install4j.runtime.installer.controller.Controller.executeActions(Controller.java:334)
	at com.install4j.runtime.installer.controller.Controller.executeActionGroup(Controller.java:405)
	at com.install4j.runtime.installer.controller.Controller.executeActions(Controller.java:339)
	at com.install4j.runtime.installer.controller.Controller.handleCommand(Controller.java:195)
	at com.install4j.runtime.installer.controller.Controller.start(Controller.java:94)
	at com.install4j.runtime.installer.Installer.runInProcess(Installer.java:59)
	at com.install4j.runtime.installer.Installer.main(Installer.java:46)
	at sun.reflect.NativeMethodAccessorImpl.invoke0(Native Method)
	at sun.reflect.NativeMethodAccessorImpl.invoke(NativeMethodAccessorImpl.java:62)
	at sun.reflect.DelegatingMethodAccessorImpl.invoke(DelegatingMethodAccessorImpl.java:43)
	at java.lang.reflect.Method.invoke(Method.java:498)
	at com.exe4j.runtime.LauncherEngine.launch(LauncherEngine.java:65)
	at com.exe4j.runtime.WinLauncher.main(WinLauncher.java:101)
	at com.install4j.runtime.launcher.WinLauncher.main(WinLauncher.java:26)
